2019-06-01 16:35:58,165 [1] DEBUG - 开启服务成功
2019-06-01 16:35:58,426 [1] INFO  - ConfigReg.ini File Not Exist.
2019-06-01 16:35:58,431 [1] INFO  - GetSystemiTunesVersion in:
2019-06-01 16:35:58,439 [1] DEBUG - StackTrace:  at Microsoft.Win32.KeyHandler..ctor (Microsoft.Win32.RegistryKey rkey, System.String basedir, Boolean is_volatile) <0x66ba2f0 + 0x000df> in <filename unknown>:0 
  at Microsoft.Win32.KeyHandler..ctor (Microsoft.Win32.RegistryKey rkey, System.String basedir) <0x66ba2b8 + 0x00027> in <filename unknown>:0 
  at Microsoft.Win32.KeyHandler.Lookup (Microsoft.Win32.RegistryKey rkey, Boolean createNonExisting) <0x66b92c0 + 0x00297> in <filename unknown>:0 
  at Microsoft.Win32.UnixRegistryApi.OpenSubKey (Microsoft.Win32.RegistryKey rkey, System.String keyname, Boolean writable) <0x66b91c0 + 0x0001b> in <filename unknown>:0 
  at Microsoft.Win32.RegistryKey.OpenSubKey (System.String name, Boolean writable) <0x66b9088 + 0x00058> in <filename unknown>:0 
  at Microsoft.Win32.RegistryKey.OpenSubKey (System.String name) <0x66b9058 + 0x0001f> in <filename unknown>:0 
  at (wrapper remoting-invoke-with-check) Microsoft.Win32.RegistryKey:OpenSubKey (string)
  at DearMobTools.Tool.CommonTools.OpenRegistryPath (Microsoft.Win32.RegistryKey root, System.String s) <0x66b8d18 + 0x0007b> in <filename unknown>:0 
  at DearMobTools.Tool.CommonTools.iTunesFolderPath (FolderType foldertype) <0x66b86e8 + 0x001e7> in <filename unknown>:0 ---Message:No access to the given key
2019-06-01 16:35:58,440 [1] INFO  - iTunesFolderPath !Directory.Exists(tempPath)
2019-06-01 16:35:58,441 [1] INFO  - iTunes folder path is 
2019-06-01 16:35:58,441 [1] INFO  - GetSystemiTunesVersion !Exists fileVer;
2019-06-01 16:35:58,443 [1] INFO  - GetDigitalSignatureDllPath start
2019-06-01 16:35:58,445 [1] INFO  - Get iTunesMobileDevice.dll Error:No access to the given key
2019-06-01 16:35:58,778 [1] INFO  - Listen For Ios Events
2019-06-01 16:35:58,779 [1] INFO  - Device Notification Callback Listen.
2019-06-01 16:35:58,811 [1] INFO  - AMDeviceNotificationSubscribe ret:0
2019-06-01 16:35:58,816 [1] INFO  - Init DearMobClass
2019-06-01 16:35:58,817 [1] INFO  - Add RegisteredFileSystem Set
2019-06-01 16:35:58,818 [1] INFO  - iPhone support enabled
2019-06-01 16:35:58,831 [3] DEBUG - 客户端接入 
2019-06-01 16:35:58,834 [3] DEBUG - RendMessge() ========> start
2019-06-01 16:35:58,842 [3] DEBUG - RendMessge() ========> end
2019-06-01 16:35:59,177 [1] INFO  - Device NotificationCall Type:Connected
2019-06-01 16:35:59,178 [1] INFO  - Connect Type is 1
2019-06-01 16:35:59,487 [1] INFO  - Device UUID:4520419f64274b2085ce0a877d5c4441bfb5dd56
2019-06-01 16:35:59,489 [1] DEBUG - get property name is BuildVersion
2019-06-01 16:35:59,502 [1] DEBUG - AMSInitialize: 0
2019-06-01 16:35:59,504 [1] DEBUG - StartService (Notifications): 0
2019-06-01 16:35:59,509 [1] DEBUG - Connect result is 1
2019-06-01 16:35:59,510 [1] INFO  - Connect State:True
2019-06-01 16:35:59,510 [1] INFO  - Connect Type is 1
2019-06-01 16:35:59,701 [1] DEBUG - com.apple.afc2 AMDeviceStartService ret: -402653150
2019-06-01 16:35:59,702 [1] INFO  - Open afc service is error.
2019-06-01 16:35:59,705 [1] DEBUG - Connect result is 1
2019-06-01 16:35:59,706 [1] INFO  - Connect State:False
2019-06-01 16:35:59,707 [1] DEBUG - Device connecting.
2019-06-01 16:35:59,709 [1] DEBUG - AFCHandle valid.
2019-06-01 16:35:59,709 [1] DEBUG - AFCHandle valid.
2019-06-01 16:35:59,710 [1] DEBUG - IPhone Property get complete.
2019-06-01 16:35:59,710 [1] DEBUG - _dic.ContainsKey(DeviceClass) True 
2019-06-01 16:35:59,711 [1] DEBUG - Devicename: iPhone
2019-06-01 16:35:59,711 [1] DEBUG - END SerialNumber
2019-06-01 16:35:59,712 [1] DEBUG - END IsSupportMultiDevice
2019-06-01 16:35:59,712 [1] DEBUG - baseInfo.Serialnumber F4GRCH2NGRY5
2019-06-01 16:35:59,718 [1] DEBUG - OnMonitorConnected :设备介入完成
2019-06-01 16:35:59,723 [Threadpool worker] DEBUG - Create IPod  GetPhone() in structure.
2019-06-01 16:35:59,724 [Threadpool worker] DEBUG - Excute Refresh() in structure start.
2019-06-01 16:35:59,725 [Threadpool worker] DEBUG - Excute Refresh method start in IPod.
2019-06-01 16:35:59,727 [Threadpool worker] DEBUG - Excute QueryDeviceInfo method start in constuct
2019-06-01 16:35:59,796 [Threadpool worker] DEBUG - GetDeviceProperty start in IPhone
2019-06-01 16:35:59,797 [Threadpool worker] DEBUG - get property name is uuid
2019-06-01 16:35:59,798 [Threadpool worker] DEBUG - get property name is FirmwareVersion
2019-06-01 16:35:59,799 [Threadpool worker] DEBUG - get property name is ProductVersion
2019-06-01 16:35:59,801 [Threadpool worker] DEBUG - get property name is SerialNumber
2019-06-01 16:35:59,803 [Threadpool worker] DEBUG - get property name is CalculateDiskUsage
2019-06-01 16:35:59,804 [Threadpool worker] DEBUG - get property name is BatteryIsCharging
2019-06-01 16:35:59,806 [Threadpool worker] DEBUG - get property name is BatteryCurrentCapacity
2019-06-01 16:35:59,808 [Threadpool worker] DEBUG - get property name is TotalDataAvailable
2019-06-01 16:35:59,809 [Threadpool worker] DEBUG - get property name is TotalDataCapacity
2019-06-01 16:35:59,811 [Threadpool worker] DEBUG - get property name is TotalDiskCapacity
2019-06-01 16:35:59,812 [Threadpool worker] DEBUG - get property name is TotalSystemAvailable
2019-06-01 16:35:59,813 [Threadpool worker] DEBUG - get property name is TotalSystemCapacity
2019-06-01 16:35:59,815 [Threadpool worker] DEBUG - get property name is MobileApplicationUsage
2019-06-01 16:35:59,817 [Threadpool worker] DEBUG - get property name is UniqueChipID
2019-06-01 16:35:59,819 [Threadpool worker] DEBUG - get property name is DeviceName
2019-06-01 16:35:59,820 [Threadpool worker] DEBUG - get property name is DeviceColor
2019-06-01 16:35:59,822 [Threadpool worker] DEBUG - get property name is DeviceClass
2019-06-01 16:35:59,825 [Threadpool worker] DEBUG - get property name is PhoneNumber
2019-06-01 16:35:59,827 [Threadpool worker] DEBUG - get property name is ProductType
2019-06-01 16:35:59,828 [Threadpool worker] DEBUG - get property name is ProductVersion
2019-06-01 16:35:59,829 [Threadpool worker] DEBUG - get property name is SerialNumber
2019-06-01 16:35:59,831 [Threadpool worker] DEBUG - get property name is TimeZone
2019-06-01 16:35:59,832 [Threadpool worker] DEBUG - get property name is TimeZoneOffsetFromUTC
2019-06-01 16:35:59,833 [Threadpool worker] DEBUG - get property name is UniqueDeviceID
2019-06-01 16:35:59,835 [Threadpool worker] DEBUG - get property name is SupportsWifiSyncing
2019-06-01 16:35:59,836 [Threadpool worker] DEBUG - get property name is SupportsAirTraffic
2019-06-01 16:35:59,839 [Threadpool worker] DEBUG - IPhoneDeviceInfo run start
2019-06-01 16:35:59,843 [Threadpool worker] INFO  - Device's ProductType: iPhone8,1
2019-06-01 16:35:59,844 [Threadpool worker] DEBUG - Version is 9.3.2
2019-06-01 16:35:59,845 [Threadpool worker] DEBUG - GetDeviceInfoMethod run end
2019-06-01 16:35:59,845 [Threadpool worker] DEBUG - IPhoneDeviceInfo run end
2019-06-01 16:35:59,845 [Threadpool worker] DEBUG - Excute Refresh method end in IPod.
2019-06-01 16:35:59,846 [Threadpool worker] INFO  - ===============================================
2019-06-01 16:35:59,846 [Threadpool worker] INFO  - DeviceName: iPhone
2019-06-01 16:35:59,847 [Threadpool worker] INFO  - Family: iPhone_6S
2019-06-01 16:35:59,848 [Threadpool worker] INFO  - Serial Number: F4GRCH2NGRY5
2019-06-01 16:35:59,848 [Threadpool worker] INFO  - UUID: 4520419f64274b2085ce0a877d5c4441bfb5dd56
2019-06-01 16:35:59,848 [Threadpool worker] INFO  - Version: 9.3.2
2019-06-01 16:35:59,849 [Threadpool worker] INFO  - WifiConnection: False
2019-06-01 16:35:59,849 [Threadpool worker] INFO  - Jailbreaked: False
2019-06-01 16:35:59,849 [Threadpool worker] INFO  - ===============================================
2019-06-01 16:35:59,850 [Threadpool worker] DEBUG - Excute Refresh() in structure start.
2019-06-01 16:35:59,850 [Threadpool worker] DEBUG - Excute new Session in structure start.
2019-06-01 16:35:59,854 [Threadpool worker] DEBUG - Excutenew Session in structure start.
2019-06-01 16:35:59,855 [Threadpool worker] DEBUG - Create IPod structure is finished.
2019-06-01 16:35:59,856 [Threadpool worker] DEBUG - IPod create success.
2019-06-01 16:35:59,857 [Threadpool worker] DEBUG - OnIpodFinished 设备加载完成： F4GRCH2NGRY5
2019-06-01 16:35:59,858 [Threadpool worker] DEBUG - 开启服务成功
2019-06-01 16:35:59,859 [Threadpool worker] DEBUG - 发送设备： 4520419f64274b2085ce0a877d5c4441bfb5dd56
2019-06-01 16:35:59,862 [Threadpool worker] DEBUG - 客户端接入 
2019-06-01 16:35:59,871 [Threadpool worker] DEBUG - 开启服务成功
2019-06-01 16:35:59,872 [Threadpool worker] DEBUG - 客户端接入 
2019-06-01 16:36:08,974 [Threadpool worker] DEBUG - 开启服务成功
2019-06-01 16:36:09,316 [Threadpool worker] DEBUG - 客户端接入 
2019-06-01 16:36:09,330 [Threadpool worker] INFO  - -----------------Start Copy Photo DataBase-------------------
2019-06-01 16:36:09,631 [Threadpool worker] INFO  - PhotoDataBase Path:/var/folders/mr/6fq5v3wx0bdfvx92pqlzppkw0000gn/T/DearMob_Temp/Sessions/F4GRCH2NGRY5/DataBase/F4GRCH2NGRY5/Photos.sqlite
2019-06-01 16:36:09,824 [Threadpool worker] ERROR - StackTrace:  at Mono.Data.Sqlite.Sqlite3.Prepare (Mono.Data.Sqlite.SqliteConnection cnn, System.String strSql, Mono.Data.Sqlite.SqliteStatement previous, UInt32 timeoutMS, System.String& strRemain) <0x79ae030 + 0x00c67> in <filename unknown>:0 
  at Mono.Data.Sqlite.SqliteCommand.BuildNextCommand () <0x79adcd0 + 0x001ab> in <filename unknown>:0 ---Message:SQL logic error or missing database
no such column: ZDEPTHSTATES
2019-06-01 16:36:09,830 [Threadpool worker] ERROR - StackTrace:  at Mono.Data.Sqlite.Sqlite3.Prepare (Mono.Data.Sqlite.SqliteConnection cnn, System.String strSql, Mono.Data.Sqlite.SqliteStatement previous, UInt32 timeoutMS, System.String& strRemain) <0x79ae030 + 0x00c67> in <filename unknown>:0 
  at Mono.Data.Sqlite.SqliteCommand.BuildNextCommand () <0x79adcd0 + 0x001ab> in <filename unknown>:0 ---Message:SQL logic error or missing database
no such column: ZPLAYBACKVARIATION
2019-06-01 16:36:10,121 [Threadpool worker] DEBUG - 开启服务成功
2019-06-01 16:36:10,250 [Threadpool worker] DEBUG - 客户端接入 
2019-06-01 16:36:34,001 [Threadpool worker] DEBUG - 开启服务成功
2019-06-01 16:36:34,004 [Threadpool worker] DEBUG - 客户端接入 
2019-06-01 16:36:34,194 [Threadpool worker] DEBUG - 开启服务成功
2019-06-01 16:36:34,236 [Threadpool worker] DEBUG - 客户端接入 
2019-06-01 16:36:34,363 [Threadpool worker] DEBUG - 开启服务成功
2019-06-01 16:36:34,391 [Threadpool worker] DEBUG - 客户端接入 
2019-06-01 16:36:34,535 [Threadpool worker] DEBUG - 开启服务成功
2019-06-01 16:36:34,550 [Threadpool worker] DEBUG - 客户端接入 
2019-06-01 16:36:34,763 [Threadpool worker] DEBUG - 开启服务成功
2019-06-01 16:36:34,775 [Threadpool worker] DEBUG - 客户端接入 
2019-06-01 16:37:59,121 [Threadpool worker] DEBUG - 开启服务成功
2019-06-01 16:37:59,163 [Threadpool worker] DEBUG - 客户端接入 
2019-06-01 16:37:59,166 [Threadpool worker] INFO  - -----------------Start Copy Photo DataBase-------------------
2019-06-01 16:37:59,494 [Threadpool worker] INFO  - PhotoDataBase Path:/var/folders/mr/6fq5v3wx0bdfvx92pqlzppkw0000gn/T/DearMob_Temp/Sessions/F4GRCH2NGRY5/DataBase/F4GRCH2NGRY5/Photos.sqlite
2019-06-01 16:37:59,529 [Threadpool worker] ERROR - StackTrace:  at Mono.Data.Sqlite.Sqlite3.Prepare (Mono.Data.Sqlite.SqliteConnection cnn, System.String strSql, Mono.Data.Sqlite.SqliteStatement previous, UInt32 timeoutMS, System.String& strRemain) <0x79ae030 + 0x00c67> in <filename unknown>:0 
  at Mono.Data.Sqlite.SqliteCommand.BuildNextCommand () <0x79adcd0 + 0x001ab> in <filename unknown>:0 ---Message:SQL logic error or missing database
no such column: ZDEPTHSTATES
2019-06-01 16:37:59,535 [Threadpool worker] ERROR - StackTrace:  at Mono.Data.Sqlite.Sqlite3.Prepare (Mono.Data.Sqlite.SqliteConnection cnn, System.String strSql, Mono.Data.Sqlite.SqliteStatement previous, UInt32 timeoutMS, System.String& strRemain) <0x79ae030 + 0x00c67> in <filename unknown>:0 
  at Mono.Data.Sqlite.SqliteCommand.BuildNextCommand () <0x79adcd0 + 0x001ab> in <filename unknown>:0 ---Message:SQL logic error or missing database
no such column: ZPLAYBACKVARIATION
2019-06-01 16:37:59,645 [Threadpool worker] DEBUG - 开启服务成功
2019-06-01 16:37:59,687 [Threadpool worker] DEBUG - 客户端接入 
2019-06-01 16:37:59,690 [Threadpool worker] INFO  - file not exist/PhotoData/CPLAssets/group412/FF835225-AC8F-428C-8727-519199A72286.PNG
2019-06-01 16:39:10,093 [Threadpool worker] DEBUG - 开启服务成功
2019-06-01 16:39:10,097 [Threadpool worker] DEBUG - 客户端接入 
2019-06-01 16:39:10,239 [Threadpool worker] DEBUG - 开启服务成功
2019-06-01 16:39:10,261 [Threadpool worker] DEBUG - 客户端接入 
2019-06-01 16:39:10,520 [Threadpool worker] DEBUG - 开启服务成功
2019-06-01 16:39:10,541 [Threadpool worker] DEBUG - 客户端接入 
2019-06-01 16:39:13,453 [Threadpool worker] DEBUG - 开启服务成功
2019-06-01 16:39:13,455 [Threadpool worker] DEBUG - 客户端接入 
2019-06-01 16:39:15,217 [Threadpool worker] DEBUG - 开启服务成功
2019-06-01 16:39:15,219 [Threadpool worker] DEBUG - 客户端接入 
2019-06-01 16:39:15,359 [Threadpool worker] DEBUG - 开启服务成功
2019-06-01 16:39:15,400 [Threadpool worker] DEBUG - 客户端接入 
2019-06-01 16:39:15,540 [Threadpool worker] DEBUG - 开启服务成功
2019-06-01 16:39:15,563 [Threadpool worker] DEBUG - 客户端接入 
2019-06-01 16:39:15,737 [Threadpool worker] DEBUG - 开启服务成功
2019-06-01 16:39:15,784 [Threadpool worker] DEBUG - 客户端接入 
2019-06-01 16:39:15,945 [Threadpool worker] DEBUG - 开启服务成功
2019-06-01 16:39:15,955 [Threadpool worker] DEBUG - 客户端接入 
2019-06-01 16:39:16,207 [Threadpool worker] DEBUG - 开启服务成功
2019-06-01 16:39:16,218 [Threadpool worker] DEBUG - 客户端接入 
2019-06-01 16:39:44,258 [Threadpool worker] DEBUG - 开启服务成功
2019-06-01 16:39:44,261 [Threadpool worker] DEBUG - 客户端接入 
2019-06-01 16:39:44,409 [Threadpool worker] DEBUG - 开启服务成功
2019-06-01 16:39:44,435 [Threadpool worker] DEBUG - 客户端接入 
2019-06-01 16:39:44,794 [Threadpool worker] DEBUG - 开启服务成功
2019-06-01 16:39:44,827 [Threadpool worker] DEBUG - 客户端接入 
2019-06-01 16:39:45,204 [Threadpool worker] DEBUG - 开启服务成功
2019-06-01 16:39:45,239 [Threadpool worker] DEBUG - 客户端接入 
2019-06-01 16:39:45,391 [Threadpool worker] DEBUG - 开启服务成功
2019-06-01 16:39:45,416 [Threadpool worker] DEBUG - 客户端接入 
2019-06-01 16:39:50,047 [Threadpool worker] DEBUG - 开启服务成功
2019-06-01 16:39:50,088 [Threadpool worker] DEBUG - 客户端接入 
2019-06-01 16:39:50,403 [Threadpool worker] DEBUG - 开启服务成功
2019-06-01 16:39:50,422 [Threadpool worker] DEBUG - 客户端接入 
2019-06-01 16:39:50,556 [Threadpool worker] DEBUG - 开启服务成功
2019-06-01 16:39:50,590 [Threadpool worker] DEBUG - 客户端接入 
2019-06-01 16:39:57,569 [Threadpool worker] DEBUG - 开启服务成功
2019-06-01 16:39:57,570 [Threadpool worker] DEBUG - 客户端接入 
2019-06-01 16:39:57,936 [Threadpool worker] DEBUG - 开启服务成功
2019-06-01 16:39:57,971 [Threadpool worker] DEBUG - 客户端接入 
2019-06-01 16:40:17,511 [Threadpool worker] DEBUG - 开启服务成功
2019-06-01 16:40:17,515 [Threadpool worker] DEBUG - 客户端接入 
2019-06-01 16:40:17,859 [Threadpool worker] INFO  - device secure start session failed.
2019-06-01 16:40:17,862 [Threadpool worker] INFO  - ContactsiCloud Is Open:False
2019-06-01 16:40:18,062 [Threadpool worker] INFO  - device secure start session failed.
2019-06-01 16:40:18,064 [Threadpool worker] INFO  - Open Contacts Mobile Sycn Service Is Error.
2019-06-01 16:40:18,064 [Threadpool worker] INFO  - Close Mobile Sync.
2019-06-01 16:40:23,127 [Threadpool worker] DEBUG - 开启服务成功
2019-06-01 16:40:23,146 [Threadpool worker] DEBUG - 客户端接入 
2019-06-01 16:40:23,405 [Threadpool worker] INFO  - device secure start session failed.
2019-06-01 16:40:23,405 [Threadpool worker] INFO  - ContactsiCloud Is Open:False
2019-06-01 16:40:23,615 [Threadpool worker] INFO  - device secure start session failed.
2019-06-01 16:40:23,615 [Threadpool worker] INFO  - Open Contacts Mobile Sycn Service Is Error.
2019-06-01 16:40:23,617 [Threadpool worker] INFO  - Close Mobile Sync.
2019-06-01 16:40:56,006 [Threadpool worker] DEBUG - 开启服务成功
2019-06-01 16:40:56,093 [Threadpool worker] DEBUG - 客户端接入 
2019-06-01 16:40:56,383 [Threadpool worker] INFO  - device secure start session failed.
2019-06-01 16:40:56,384 [Threadpool worker] INFO  - ContactsiCloud Is Open:False
2019-06-01 16:40:56,577 [Threadpool worker] INFO  - device secure start session failed.
2019-06-01 16:40:56,579 [Threadpool worker] INFO  - Open Contacts Mobile Sycn Service Is Error.
2019-06-01 16:40:56,579 [Threadpool worker] INFO  - Close Mobile Sync.
2019-06-01 16:41:00,822 [Threadpool worker] DEBUG - 开启服务成功
2019-06-01 16:41:00,823 [Threadpool worker] DEBUG - 客户端接入 
2019-06-01 16:41:01,106 [Threadpool worker] INFO  - device secure start session failed.
2019-06-01 16:41:01,106 [Threadpool worker] INFO  - ContactsiCloud Is Open:False
2019-06-01 16:41:01,284 [Threadpool worker] INFO  - device secure start session failed.
2019-06-01 16:41:01,285 [Threadpool worker] INFO  - Open Contacts Mobile Sycn Service Is Error.
2019-06-01 16:41:01,286 [Threadpool worker] INFO  - Close Mobile Sync.
2019-06-01 16:48:46,023 [1] DEBUG - 开启服务成功
2019-06-01 16:48:46,268 [1] INFO  - ConfigReg.ini File Not Exist.
2019-06-01 16:48:46,272 [1] INFO  - GetSystemiTunesVersion in:
2019-06-01 16:48:46,279 [1] DEBUG - StackTrace:  at Microsoft.Win32.KeyHandler..ctor (Microsoft.Win32.RegistryKey rkey, System.String basedir, Boolean is_volatile) <0x66bb7b0 + 0x000df> in <filename unknown>:0 
  at Microsoft.Win32.KeyHandler..ctor (Microsoft.Win32.RegistryKey rkey, System.String basedir) <0x66bb778 + 0x00027> in <filename unknown>:0 
  at Microsoft.Win32.KeyHandler.Lookup (Microsoft.Win32.RegistryKey rkey, Boolean createNonExisting) <0x66ba780 + 0x00297> in <filename unknown>:0 
  at Microsoft.Win32.UnixRegistryApi.OpenSubKey (Microsoft.Win32.RegistryKey rkey, System.String keyname, Boolean writable) <0x66ba680 + 0x0001b> in <filename unknown>:0 
  at Microsoft.Win32.RegistryKey.OpenSubKey (System.String name, Boolean writable) <0x66ba548 + 0x00058> in <filename unknown>:0 
  at Microsoft.Win32.RegistryKey.OpenSubKey (System.String name) <0x66ba518 + 0x0001f> in <filename unknown>:0 
  at (wrapper remoting-invoke-with-check) Microsoft.Win32.RegistryKey:OpenSubKey (string)
  at DearMobTools.Tool.CommonTools.OpenRegistryPath (Microsoft.Win32.RegistryKey root, System.String s) <0x66ba1d8 + 0x0007b> in <filename unknown>:0 
  at DearMobTools.Tool.CommonTools.iTunesFolderPath (FolderType foldertype) <0x66b9bb8 + 0x001e7> in <filename unknown>:0 ---Message:No access to the given key
2019-06-01 16:48:46,279 [1] INFO  - iTunesFolderPath !Directory.Exists(tempPath)
2019-06-01 16:48:46,280 [1] INFO  - iTunes folder path is 
2019-06-01 16:48:46,280 [1] INFO  - GetSystemiTunesVersion !Exists fileVer;
2019-06-01 16:48:46,281 [1] INFO  - GetDigitalSignatureDllPath start
2019-06-01 16:48:46,281 [1] INFO  - Get iTunesMobileDevice.dll Error:No access to the given key
2019-06-01 16:48:46,297 [1] INFO  - Listen For Ios Events
2019-06-01 16:48:46,297 [1] INFO  - Device Notification Callback Listen.
2019-06-01 16:48:46,302 [1] INFO  - AMDeviceNotificationSubscribe ret:0
2019-06-01 16:48:46,305 [1] INFO  - Init DearMobClass
2019-06-01 16:48:46,305 [1] INFO  - Add RegisteredFileSystem Set
2019-06-01 16:48:46,306 [1] INFO  - iPhone support enabled
2019-06-01 16:48:46,416 [1] INFO  - Device NotificationCall Type:Connected
2019-06-01 16:48:46,417 [1] INFO  - Connect Type is 1
2019-06-01 16:48:46,722 [1] INFO  - Device UUID:4520419f64274b2085ce0a877d5c4441bfb5dd56
2019-06-01 16:48:46,723 [1] DEBUG - get property name is BuildVersion
2019-06-01 16:48:46,734 [1] DEBUG - AMSInitialize: 0
2019-06-01 16:48:46,737 [1] DEBUG - StartService (Notifications): 0
2019-06-01 16:48:46,742 [1] DEBUG - Connect result is 1
2019-06-01 16:48:46,742 [1] INFO  - Connect State:True
2019-06-01 16:48:46,743 [1] INFO  - Connect Type is 1
2019-06-01 16:48:46,791 [3] DEBUG - 客户端接入 
2019-06-01 16:48:46,794 [3] DEBUG - RendMessge() ========> start
2019-06-01 16:48:46,800 [3] DEBUG - RendMessge() ========> end
2019-06-01 16:48:46,937 [1] DEBUG - com.apple.afc2 AMDeviceStartService ret: -402653150
2019-06-01 16:48:46,939 [1] INFO  - Open afc service is error.
2019-06-01 16:48:46,942 [1] DEBUG - Connect result is 1
2019-06-01 16:48:46,943 [1] INFO  - Connect State:False
2019-06-01 16:48:46,945 [1] DEBUG - Device connecting.
2019-06-01 16:48:46,945 [1] DEBUG - AFCHandle valid.
2019-06-01 16:48:46,946 [1] DEBUG - AFCHandle valid.
2019-06-01 16:48:46,946 [1] DEBUG - IPhone Property get complete.
2019-06-01 16:48:46,947 [1] DEBUG - _dic.ContainsKey(DeviceClass) True 
2019-06-01 16:48:46,948 [1] DEBUG - Devicename: iPhone
2019-06-01 16:48:46,948 [1] DEBUG - END SerialNumber
2019-06-01 16:48:46,949 [1] DEBUG - END IsSupportMultiDevice
2019-06-01 16:48:46,949 [1] DEBUG - baseInfo.Serialnumber F4GRCH2NGRY5
2019-06-01 16:48:46,955 [1] DEBUG - OnMonitorConnected :设备介入完成
2019-06-01 16:48:46,965 [Threadpool worker] DEBUG - Create IPod  GetPhone() in structure.
2019-06-01 16:48:46,965 [Threadpool worker] DEBUG - Excute Refresh() in structure start.
2019-06-01 16:48:46,966 [Threadpool worker] DEBUG - Excute Refresh method start in IPod.
2019-06-01 16:48:46,967 [Threadpool worker] DEBUG - Excute QueryDeviceInfo method start in constuct
2019-06-01 16:48:47,033 [Threadpool worker] DEBUG - GetDeviceProperty start in IPhone
2019-06-01 16:48:47,034 [Threadpool worker] DEBUG - get property name is uuid
2019-06-01 16:48:47,036 [Threadpool worker] DEBUG - get property name is FirmwareVersion
2019-06-01 16:48:47,038 [Threadpool worker] DEBUG - get property name is ProductVersion
2019-06-01 16:48:47,040 [Threadpool worker] DEBUG - get property name is SerialNumber
2019-06-01 16:48:47,041 [Threadpool worker] DEBUG - get property name is CalculateDiskUsage
2019-06-01 16:48:47,045 [Threadpool worker] DEBUG - get property name is BatteryIsCharging
2019-06-01 16:48:47,047 [Threadpool worker] DEBUG - get property name is BatteryCurrentCapacity
2019-06-01 16:48:47,050 [Threadpool worker] DEBUG - get property name is TotalDataAvailable
2019-06-01 16:48:47,052 [Threadpool worker] DEBUG - get property name is TotalDataCapacity
2019-06-01 16:48:47,054 [Threadpool worker] DEBUG - get property name is TotalDiskCapacity
2019-06-01 16:48:47,057 [Threadpool worker] DEBUG - get property name is TotalSystemAvailable
2019-06-01 16:48:47,060 [Threadpool worker] DEBUG - get property name is TotalSystemCapacity
2019-06-01 16:48:47,064 [Threadpool worker] DEBUG - get property name is MobileApplicationUsage
2019-06-01 16:48:47,066 [Threadpool worker] DEBUG - get property name is UniqueChipID
2019-06-01 16:48:47,068 [Threadpool worker] DEBUG - get property name is DeviceName
2019-06-01 16:48:47,069 [Threadpool worker] DEBUG - get property name is DeviceColor
2019-06-01 16:48:47,071 [Threadpool worker] DEBUG - get property name is DeviceClass
2019-06-01 16:48:47,075 [Threadpool worker] DEBUG - get property name is PhoneNumber
2019-06-01 16:48:47,077 [Threadpool worker] DEBUG - get property name is ProductType
2019-06-01 16:48:47,079 [Threadpool worker] DEBUG - get property name is ProductVersion
2019-06-01 16:48:47,083 [Threadpool worker] DEBUG - get property name is SerialNumber
2019-06-01 16:48:47,086 [Threadpool worker] DEBUG - get property name is TimeZone
2019-06-01 16:48:47,088 [Threadpool worker] DEBUG - get property name is TimeZoneOffsetFromUTC
2019-06-01 16:48:47,089 [Threadpool worker] DEBUG - get property name is UniqueDeviceID
2019-06-01 16:48:47,091 [Threadpool worker] DEBUG - get property name is SupportsWifiSyncing
2019-06-01 16:48:47,094 [Threadpool worker] DEBUG - get property name is SupportsAirTraffic
2019-06-01 16:48:47,097 [Threadpool worker] DEBUG - IPhoneDeviceInfo run start
2019-06-01 16:48:47,101 [Threadpool worker] INFO  - Device's ProductType: iPhone8,1
2019-06-01 16:48:47,102 [Threadpool worker] DEBUG - Version is 9.3.2
2019-06-01 16:48:47,103 [Threadpool worker] DEBUG - GetDeviceInfoMethod run end
2019-06-01 16:48:47,103 [Threadpool worker] DEBUG - IPhoneDeviceInfo run end
2019-06-01 16:48:47,104 [Threadpool worker] DEBUG - Excute Refresh method end in IPod.
2019-06-01 16:48:47,104 [Threadpool worker] INFO  - ===============================================
2019-06-01 16:48:47,104 [Threadpool worker] INFO  - DeviceName: iPhone
2019-06-01 16:48:47,105 [Threadpool worker] INFO  - Family: iPhone_6S
2019-06-01 16:48:47,106 [Threadpool worker] INFO  - Serial Number: F4GRCH2NGRY5
2019-06-01 16:48:47,106 [Threadpool worker] INFO  - UUID: 4520419f64274b2085ce0a877d5c4441bfb5dd56
2019-06-01 16:48:47,107 [Threadpool worker] INFO  - Version: 9.3.2
2019-06-01 16:48:47,107 [Threadpool worker] INFO  - WifiConnection: False
2019-06-01 16:48:47,108 [Threadpool worker] INFO  - Jailbreaked: False
2019-06-01 16:48:47,108 [Threadpool worker] INFO  - ===============================================
2019-06-01 16:48:47,108 [Threadpool worker] DEBUG - Excute Refresh() in structure start.
2019-06-01 16:48:47,108 [Threadpool worker] DEBUG - Excute new Session in structure start.
2019-06-01 16:48:47,112 [Threadpool worker] DEBUG - Excutenew Session in structure start.
2019-06-01 16:48:47,112 [Threadpool worker] DEBUG - Create IPod structure is finished.
2019-06-01 16:48:47,113 [Threadpool worker] DEBUG - IPod create success.
2019-06-01 16:48:47,114 [Threadpool worker] DEBUG - OnIpodFinished 设备加载完成： F4GRCH2NGRY5
2019-06-01 16:48:47,115 [Threadpool worker] DEBUG - 开启服务成功
2019-06-01 16:48:47,116 [Threadpool worker] DEBUG - 发送设备： 4520419f64274b2085ce0a877d5c4441bfb5dd56
2019-06-01 16:48:47,119 [Threadpool worker] DEBUG - 客户端接入 
2019-06-01 16:48:47,125 [Threadpool worker] DEBUG - 开启服务成功
2019-06-01 16:48:47,126 [Threadpool worker] DEBUG - 客户端接入 
2019-06-01 16:48:47,388 [Threadpool worker] DEBUG - 开启服务成功
2019-06-01 16:48:47,866 [Threadpool worker] DEBUG - 客户端接入 
2019-06-01 16:48:47,892 [Threadpool worker] INFO  - -----------------Start Copy Photo DataBase-------------------
2019-06-01 16:48:48,474 [Threadpool worker] INFO  - PhotoDataBase Path:/var/folders/mr/6fq5v3wx0bdfvx92pqlzppkw0000gn/T/DearMob_Temp/Sessions/F4GRCH2NGRY5/DataBase/F4GRCH2NGRY5/Photos.sqlite
2019-06-01 16:48:48,632 [Threadpool worker] ERROR - StackTrace:  at Mono.Data.Sqlite.Sqlite3.Prepare (Mono.Data.Sqlite.SqliteConnection cnn, System.String strSql, Mono.Data.Sqlite.SqliteStatement previous, UInt32 timeoutMS, System.String& strRemain) <0x792bcf8 + 0x00c67> in <filename unknown>:0 
  at Mono.Data.Sqlite.SqliteCommand.BuildNextCommand () <0x792b998 + 0x001ab> in <filename unknown>:0 ---Message:SQL logic error or missing database
no such column: ZDEPTHSTATES
2019-06-01 16:48:48,637 [Threadpool worker] ERROR - StackTrace:  at Mono.Data.Sqlite.Sqlite3.Prepare (Mono.Data.Sqlite.SqliteConnection cnn, System.String strSql, Mono.Data.Sqlite.SqliteStatement previous, UInt32 timeoutMS, System.String& strRemain) <0x792bcf8 + 0x00c67> in <filename unknown>:0 
  at Mono.Data.Sqlite.SqliteCommand.BuildNextCommand () <0x792b998 + 0x001ab> in <filename unknown>:0 ---Message:SQL logic error or missing database
no such column: ZPLAYBACKVARIATION
2019-06-01 16:50:47,574 [Threadpool worker] DEBUG - 开启服务成功
2019-06-01 16:50:47,576 [Threadpool worker] DEBUG - 客户端接入 
2019-06-01 16:51:00,673 [Threadpool worker] DEBUG - 开启服务成功
2019-06-01 16:51:00,674 [Threadpool worker] DEBUG - 客户端接入 
2019-06-01 16:51:12,246 [Threadpool worker] DEBUG - 开启服务成功
2019-06-01 16:51:12,248 [Threadpool worker] DEBUG - 客户端接入 
2019-06-01 16:53:59,301 [1] DEBUG - 开启服务成功
2019-06-01 16:53:59,528 [1] INFO  - ConfigReg.ini File Not Exist.
2019-06-01 16:53:59,532 [1] INFO  - GetSystemiTunesVersion in:
2019-06-01 16:53:59,539 [1] DEBUG - StackTrace:  at Microsoft.Win32.KeyHandler..ctor (Microsoft.Win32.RegistryKey rkey, System.String basedir, Boolean is_volatile) <0x663b7b0 + 0x000df> in <filename unknown>:0 
  at Microsoft.Win32.KeyHandler..ctor (Microsoft.Win32.RegistryKey rkey, System.String basedir) <0x663b778 + 0x00027> in <filename unknown>:0 
  at Microsoft.Win32.KeyHandler.Lookup (Microsoft.Win32.RegistryKey rkey, Boolean createNonExisting) <0x663a780 + 0x00297> in <filename unknown>:0 
  at Microsoft.Win32.UnixRegistryApi.OpenSubKey (Microsoft.Win32.RegistryKey rkey, System.String keyname, Boolean writable) <0x663a680 + 0x0001b> in <filename unknown>:0 
  at Microsoft.Win32.RegistryKey.OpenSubKey (System.String name, Boolean writable) <0x663a548 + 0x00058> in <filename unknown>:0 
  at Microsoft.Win32.RegistryKey.OpenSubKey (System.String name) <0x663a518 + 0x0001f> in <filename unknown>:0 
  at (wrapper remoting-invoke-with-check) Microsoft.Win32.RegistryKey:OpenSubKey (string)
  at DearMobTools.Tool.CommonTools.OpenRegistryPath (Microsoft.Win32.RegistryKey root, System.String s) <0x663a1d8 + 0x0007b> in <filename unknown>:0 
  at DearMobTools.Tool.CommonTools.iTunesFolderPath (FolderType foldertype) <0x6639bb8 + 0x001e7> in <filename unknown>:0 ---Message:No access to the given key
2019-06-01 16:53:59,539 [1] INFO  - iTunesFolderPath !Directory.Exists(tempPath)
2019-06-01 16:53:59,540 [1] INFO  - iTunes folder path is 
2019-06-01 16:53:59,540 [1] INFO  - GetSystemiTunesVersion !Exists fileVer;
2019-06-01 16:53:59,541 [1] INFO  - GetDigitalSignatureDllPath start
2019-06-01 16:53:59,542 [1] INFO  - Get iTunesMobileDevice.dll Error:No access to the given key
2019-06-01 16:53:59,557 [1] INFO  - Listen For Ios Events
2019-06-01 16:53:59,557 [1] INFO  - Device Notification Callback Listen.
2019-06-01 16:53:59,561 [1] INFO  - AMDeviceNotificationSubscribe ret:0
2019-06-01 16:53:59,564 [1] INFO  - Init DearMobClass
2019-06-01 16:53:59,564 [1] INFO  - Add RegisteredFileSystem Set
2019-06-01 16:53:59,565 [1] INFO  - iPhone support enabled
2019-06-01 16:53:59,672 [1] INFO  - Device NotificationCall Type:Connected
2019-06-01 16:53:59,674 [1] INFO  - Connect Type is 1
2019-06-01 16:54:00,000 [1] INFO  - Device UUID:4520419f64274b2085ce0a877d5c4441bfb5dd56
2019-06-01 16:54:00,002 [1] DEBUG - get property name is BuildVersion
2019-06-01 16:54:00,016 [1] DEBUG - AMSInitialize: 0
2019-06-01 16:54:00,019 [1] DEBUG - StartService (Notifications): 0
2019-06-01 16:54:00,022 [1] DEBUG - Connect result is 1
2019-06-01 16:54:00,023 [1] INFO  - Connect State:True
2019-06-01 16:54:00,023 [1] INFO  - Connect Type is 1
2019-06-01 16:54:00,117 [3] DEBUG - 客户端接入 
2019-06-01 16:54:00,119 [3] DEBUG - RendMessge() ========> start
2019-06-01 16:54:00,127 [3] DEBUG - RendMessge() ========> end
2019-06-01 16:54:00,217 [1] DEBUG - com.apple.afc2 AMDeviceStartService ret: -402653150
2019-06-01 16:54:00,217 [1] INFO  - Open afc service is error.
2019-06-01 16:54:00,221 [1] DEBUG - Connect result is 1
2019-06-01 16:54:00,221 [1] INFO  - Connect State:False
2019-06-01 16:54:00,223 [1] DEBUG - Device connecting.
2019-06-01 16:54:00,224 [1] DEBUG - AFCHandle valid.
2019-06-01 16:54:00,224 [1] DEBUG - AFCHandle valid.
2019-06-01 16:54:00,224 [1] DEBUG - IPhone Property get complete.
2019-06-01 16:54:00,224 [1] DEBUG - _dic.ContainsKey(DeviceClass) True 
2019-06-01 16:54:00,225 [1] DEBUG - Devicename: iPhone
2019-06-01 16:54:00,226 [1] DEBUG - END SerialNumber
2019-06-01 16:54:00,226 [1] DEBUG - END IsSupportMultiDevice
2019-06-01 16:54:00,227 [1] DEBUG - baseInfo.Serialnumber F4GRCH2NGRY5
2019-06-01 16:54:00,231 [1] DEBUG - OnMonitorConnected :设备介入完成
2019-06-01 16:54:00,234 [Threadpool worker] DEBUG - Create IPod  GetPhone() in structure.
2019-06-01 16:54:00,234 [Threadpool worker] DEBUG - Excute Refresh() in structure start.
2019-06-01 16:54:00,235 [Threadpool worker] DEBUG - Excute Refresh method start in IPod.
2019-06-01 16:54:00,236 [Threadpool worker] DEBUG - Excute QueryDeviceInfo method start in constuct
2019-06-01 16:54:00,303 [Threadpool worker] DEBUG - GetDeviceProperty start in IPhone
2019-06-01 16:54:00,303 [Threadpool worker] DEBUG - get property name is uuid
2019-06-01 16:54:00,305 [Threadpool worker] DEBUG - get property name is FirmwareVersion
2019-06-01 16:54:00,306 [Threadpool worker] DEBUG - get property name is ProductVersion
2019-06-01 16:54:00,308 [Threadpool worker] DEBUG - get property name is SerialNumber
2019-06-01 16:54:00,310 [Threadpool worker] DEBUG - get property name is CalculateDiskUsage
2019-06-01 16:54:00,311 [Threadpool worker] DEBUG - get property name is BatteryIsCharging
2019-06-01 16:54:00,313 [Threadpool worker] DEBUG - get property name is BatteryCurrentCapacity
2019-06-01 16:54:00,314 [Threadpool worker] DEBUG - get property name is TotalDataAvailable
2019-06-01 16:54:00,315 [Threadpool worker] DEBUG - get property name is TotalDataCapacity
2019-06-01 16:54:00,317 [Threadpool worker] DEBUG - get property name is TotalDiskCapacity
2019-06-01 16:54:00,318 [Threadpool worker] DEBUG - get property name is TotalSystemAvailable
2019-06-01 16:54:00,319 [Threadpool worker] DEBUG - get property name is TotalSystemCapacity
2019-06-01 16:54:00,322 [Threadpool worker] DEBUG - get property name is MobileApplicationUsage
2019-06-01 16:54:00,323 [Threadpool worker] DEBUG - get property name is UniqueChipID
2019-06-01 16:54:00,324 [Threadpool worker] DEBUG - get property name is DeviceName
2019-06-01 16:54:00,326 [Threadpool worker] DEBUG - get property name is DeviceColor
2019-06-01 16:54:00,327 [Threadpool worker] DEBUG - get property name is DeviceClass
2019-06-01 16:54:00,330 [Threadpool worker] DEBUG - get property name is PhoneNumber
2019-06-01 16:54:00,331 [Threadpool worker] DEBUG - get property name is ProductType
2019-06-01 16:54:00,332 [Threadpool worker] DEBUG - get property name is ProductVersion
2019-06-01 16:54:00,333 [Threadpool worker] DEBUG - get property name is SerialNumber
2019-06-01 16:54:00,335 [Threadpool worker] DEBUG - get property name is TimeZone
2019-06-01 16:54:00,336 [Threadpool worker] DEBUG - get property name is TimeZoneOffsetFromUTC
2019-06-01 16:54:00,338 [Threadpool worker] DEBUG - get property name is UniqueDeviceID
2019-06-01 16:54:00,339 [Threadpool worker] DEBUG - get property name is SupportsWifiSyncing
2019-06-01 16:54:00,341 [Threadpool worker] DEBUG - get property name is SupportsAirTraffic
2019-06-01 16:54:00,344 [Threadpool worker] DEBUG - IPhoneDeviceInfo run start
2019-06-01 16:54:00,348 [Threadpool worker] INFO  - Device's ProductType: iPhone8,1
2019-06-01 16:54:00,349 [Threadpool worker] DEBUG - Version is 9.3.2
2019-06-01 16:54:00,350 [Threadpool worker] DEBUG - GetDeviceInfoMethod run end
2019-06-01 16:54:00,350 [Threadpool worker] DEBUG - IPhoneDeviceInfo run end
2019-06-01 16:54:00,350 [Threadpool worker] DEBUG - Excute Refresh method end in IPod.
2019-06-01 16:54:00,350 [Threadpool worker] INFO  - ===============================================
2019-06-01 16:54:00,351 [Threadpool worker] INFO  - DeviceName: iPhone
2019-06-01 16:54:00,352 [Threadpool worker] INFO  - Family: iPhone_6S
2019-06-01 16:54:00,352 [Threadpool worker] INFO  - Serial Number: F4GRCH2NGRY5
2019-06-01 16:54:00,353 [Threadpool worker] INFO  - UUID: 4520419f64274b2085ce0a877d5c4441bfb5dd56
2019-06-01 16:54:00,353 [Threadpool worker] INFO  - Version: 9.3.2
2019-06-01 16:54:00,353 [Threadpool worker] INFO  - WifiConnection: False
2019-06-01 16:54:00,354 [Threadpool worker] INFO  - Jailbreaked: False
2019-06-01 16:54:00,354 [Threadpool worker] INFO  - ===============================================
2019-06-01 16:54:00,354 [Threadpool worker] DEBUG - Excute Refresh() in structure start.
2019-06-01 16:54:00,354 [Threadpool worker] DEBUG - Excute new Session in structure start.
2019-06-01 16:54:00,358 [Threadpool worker] DEBUG - Excutenew Session in structure start.
2019-06-01 16:54:00,358 [Threadpool worker] DEBUG - Create IPod structure is finished.
2019-06-01 16:54:00,359 [Threadpool worker] DEBUG - IPod create success.
2019-06-01 16:54:00,360 [Threadpool worker] DEBUG - OnIpodFinished 设备加载完成： F4GRCH2NGRY5
2019-06-01 16:54:00,361 [Threadpool worker] DEBUG - 开启服务成功
2019-06-01 16:54:00,363 [Threadpool worker] DEBUG - 发送设备： 4520419f64274b2085ce0a877d5c4441bfb5dd56
2019-06-01 16:54:03,373 [Threadpool worker] DEBUG - 客户端接入 
2019-06-01 16:54:03,387 [Threadpool worker] DEBUG - 开启服务成功
2019-06-01 16:54:03,392 [Threadpool worker] DEBUG - 客户端接入 
2019-06-01 16:54:33,512 [Threadpool worker] DEBUG - 开启服务成功
2019-06-01 16:54:33,920 [Threadpool worker] DEBUG - 客户端接入 
2019-06-01 16:54:33,932 [Threadpool worker] INFO  - -----------------Start Copy Photo DataBase-------------------
2019-06-01 16:54:34,257 [Threadpool worker] INFO  - PhotoDataBase Path:/var/folders/mr/6fq5v3wx0bdfvx92pqlzppkw0000gn/T/DearMob_Temp/Sessions/F4GRCH2NGRY5/DataBase/F4GRCH2NGRY5/Photos.sqlite
2019-06-01 16:54:34,420 [Threadpool worker] ERROR - StackTrace:  at Mono.Data.Sqlite.Sqlite3.Prepare (Mono.Data.Sqlite.SqliteConnection cnn, System.String strSql, Mono.Data.Sqlite.SqliteStatement previous, UInt32 timeoutMS, System.String& strRemain) <0x78accf8 + 0x00c67> in <filename unknown>:0 
  at Mono.Data.Sqlite.SqliteCommand.BuildNextCommand () <0x78ac998 + 0x001ab> in <filename unknown>:0 ---Message:SQL logic error or missing database
no such column: ZDEPTHSTATES
2019-06-01 16:54:34,427 [Threadpool worker] ERROR - StackTrace:  at Mono.Data.Sqlite.Sqlite3.Prepare (Mono.Data.Sqlite.SqliteConnection cnn, System.String strSql, Mono.Data.Sqlite.SqliteStatement previous, UInt32 timeoutMS, System.String& strRemain) <0x78accf8 + 0x00c67> in <filename unknown>:0 
  at Mono.Data.Sqlite.SqliteCommand.BuildNextCommand () <0x78ac998 + 0x001ab> in <filename unknown>:0 ---Message:SQL logic error or missing database
no such column: ZPLAYBACKVARIATION
2019-06-01 16:54:47,566 [Threadpool worker] DEBUG - 开启服务成功
2019-06-01 16:54:48,039 [Threadpool worker] DEBUG - 客户端接入 
2019-06-01 16:56:15,357 [Threadpool worker] DEBUG - 开启服务成功
2019-06-01 16:56:15,628 [Threadpool worker] DEBUG - 客户端接入 
2019-06-01 16:56:15,773 [Threadpool worker] INFO  - MusicDatabase: Compatible, version 115
2019-06-01 16:56:15,788 [Threadpool worker] INFO  - ceshi
2019-06-01 16:56:15,948 [Threadpool worker] DEBUG - 开启服务成功
2019-06-01 16:56:16,068 [Threadpool worker] DEBUG - 客户端接入 
2019-06-01 16:56:16,068 [Threadpool worker] INFO  - -----------------Start Copy Photo DataBase-------------------
2019-06-01 16:56:16,377 [Threadpool worker] INFO  - PhotoDataBase Path:/var/folders/mr/6fq5v3wx0bdfvx92pqlzppkw0000gn/T/DearMob_Temp/Sessions/F4GRCH2NGRY5/DataBase/F4GRCH2NGRY5/Photos.sqlite
2019-06-01 16:56:16,415 [Threadpool worker] ERROR - StackTrace:  at Mono.Data.Sqlite.Sqlite3.Prepare (Mono.Data.Sqlite.SqliteConnection cnn, System.String strSql, Mono.Data.Sqlite.SqliteStatement previous, UInt32 timeoutMS, System.String& strRemain) <0x78accf8 + 0x00c67> in <filename unknown>:0 
  at Mono.Data.Sqlite.SqliteCommand.BuildNextCommand () <0x78ac998 + 0x001ab> in <filename unknown>:0 ---Message:SQL logic error or missing database
no such column: ZDEPTHSTATES
2019-06-01 16:56:16,421 [Threadpool worker] ERROR - StackTrace:  at Mono.Data.Sqlite.Sqlite3.Prepare (Mono.Data.Sqlite.SqliteConnection cnn, System.String strSql, Mono.Data.Sqlite.SqliteStatement previous, UInt32 timeoutMS, System.String& strRemain) <0x78accf8 + 0x00c67> in <filename unknown>:0 
  at Mono.Data.Sqlite.SqliteCommand.BuildNextCommand () <0x78ac998 + 0x001ab> in <filename unknown>:0 ---Message:SQL logic error or missing database
no such column: ZPLAYBACKVARIATION
2019-06-01 16:56:18,831 [Threadpool worker] DEBUG - 开启服务成功
2019-06-01 16:56:19,026 [Threadpool worker] DEBUG - 客户端接入 
2019-06-01 16:56:19,100 [Threadpool worker] INFO  - MusicDatabase: Compatible, version 115
2019-06-01 16:56:19,106 [Threadpool worker] INFO  - ceshi
2019-06-01 16:56:19,200 [Threadpool worker] DEBUG - 开启服务成功
2019-06-01 16:56:19,201 [Threadpool worker] DEBUG - 客户端接入 
2019-06-01 16:56:36,843 [Threadpool worker] DEBUG - 开启服务成功
2019-06-01 16:56:36,844 [Threadpool worker] DEBUG - 客户端接入 
2019-06-01 16:56:59,469 [Threadpool worker] DEBUG - 开启服务成功
2019-06-01 16:56:59,471 [Threadpool worker] DEBUG - 客户端接入 
2019-06-01 16:57:11,368 [Threadpool worker] DEBUG - 开启服务成功
2019-06-01 16:57:11,370 [Threadpool worker] DEBUG - 客户端接入 
2019-06-01 16:57:11,372 [Threadpool worker] INFO  - create infop
2019-06-01 16:57:11,451 [Threadpool worker] INFO  - Read Device Apps Dictionary Is Error.
2019-06-01 16:57:11,537 [Threadpool worker] INFO  - Read Device Apps Dictionary Is Error.
2019-06-01 17:00:14,812 [Threadpool worker] DEBUG - 开启服务成功
2019-06-01 17:00:14,815 [Threadpool worker] DEBUG - 客户端接入 
2019-06-01 17:00:15,152 [Threadpool worker] INFO  - device secure start session failed.
2019-06-01 17:00:15,153 [Threadpool worker] INFO  - ContactsiCloud Is Open:False
2019-06-01 17:00:15,424 [Threadpool worker] INFO  - device secure start session failed.
2019-06-01 17:00:15,425 [Threadpool worker] INFO  - Open Contacts Mobile Sycn Service Is Error.
2019-06-01 17:00:15,427 [Threadpool worker] INFO  - Close Mobile Sync.
2019-06-01 17:00:23,205 [Threadpool worker] DEBUG - 开启服务成功
2019-06-01 17:00:23,392 [Threadpool worker] DEBUG - 客户端接入 
2019-06-01 17:00:23,651 [Threadpool worker] INFO  - device secure start session failed.
2019-06-01 17:00:23,654 [Threadpool worker] INFO  - BookmarksiCloud Is Open:False
2019-06-01 17:00:23,914 [Threadpool worker] INFO  - device secure start session failed.
2019-06-01 17:00:26,182 [Threadpool worker] DEBUG - 开启服务成功
2019-06-01 17:00:26,483 [Threadpool worker] DEBUG - 客户端接入 
2019-06-01 17:00:26,800 [Threadpool worker] INFO  - device secure start session failed.
2019-06-01 17:00:26,803 [Threadpool worker] INFO  - CalendarsiCloud Is Open:False
2019-06-01 17:00:27,078 [Threadpool worker] INFO  - device secure start session failed.
2019-06-01 17:00:27,078 [Threadpool worker] INFO  - Open Calendars Mobile Sycn Service Is Error.
2019-06-01 17:00:29,921 [Threadpool worker] DEBUG - 开启服务成功
2019-06-01 17:00:29,923 [Threadpool worker] DEBUG - 客户端接入 
2019-06-01 17:00:30,296 [Threadpool worker] INFO  - device secure start session failed.
2019-06-01 17:00:30,298 [Threadpool worker] INFO  - ContactsiCloud Is Open:False
2019-06-01 17:00:30,487 [Threadpool worker] INFO  - device secure start session failed.
2019-06-01 17:00:30,488 [Threadpool worker] INFO  - Open Contacts Mobile Sycn Service Is Error.
2019-06-01 17:00:30,489 [Threadpool worker] INFO  - Close Mobile Sync.
2019-06-01 17:00:55,999 [Threadpool worker] DEBUG - 开启服务成功
2019-06-01 17:00:56,000 [Threadpool worker] DEBUG - 客户端接入 
2019-06-01 17:00:56,001 [Threadpool worker] INFO  - create infop
2019-06-01 17:00:56,086 [Threadpool worker] INFO  - Read Device Apps Dictionary Is Error.
2019-06-01 17:00:56,175 [Threadpool worker] INFO  - Read Device Apps Dictionary Is Error.
2019-06-02 13:01:07,436 [1] DEBUG - 开启服务成功
2019-06-02 13:01:07,967 [1] INFO  - ConfigReg.ini File Not Exist.
2019-06-02 13:01:07,988 [1] INFO  - GetSystemiTunesVersion in:
2019-06-02 13:01:08,027 [1] DEBUG - StackTrace:  at Microsoft.Win32.KeyHandler..ctor (Microsoft.Win32.RegistryKey rkey, System.String basedir, Boolean is_volatile) <0x66d3770 + 0x000df> in <filename unknown>:0 
  at Microsoft.Win32.KeyHandler..ctor (Microsoft.Win32.RegistryKey rkey, System.String basedir) <0x66d3738 + 0x00027> in <filename unknown>:0 
  at Microsoft.Win32.KeyHandler.Lookup (Microsoft.Win32.RegistryKey rkey, Boolean createNonExisting) <0x66d2740 + 0x00297> in <filename unknown>:0 
  at Microsoft.Win32.UnixRegistryApi.OpenSubKey (Microsoft.Win32.RegistryKey rkey, System.String keyname, Boolean writable) <0x66d2640 + 0x0001b> in <filename unknown>:0 
  at Microsoft.Win32.RegistryKey.OpenSubKey (System.String name, Boolean writable) <0x66d2508 + 0x00058> in <filename unknown>:0 
  at Microsoft.Win32.RegistryKey.OpenSubKey (System.String name) <0x66d24d8 + 0x0001f> in <filename unknown>:0 
  at (wrapper remoting-invoke-with-check) Microsoft.Win32.RegistryKey:OpenSubKey (string)
  at DearMobTools.Tool.CommonTools.OpenRegistryPath (Microsoft.Win32.RegistryKey root, System.String s) <0x66d2198 + 0x0007b> in <filename unknown>:0 
  at DearMobTools.Tool.CommonTools.iTunesFolderPath (FolderType foldertype) <0x66d1b78 + 0x001e7> in <filename unknown>:0 ---Message:No access to the given key
2019-06-02 13:01:08,029 [1] INFO  - iTunesFolderPath !Directory.Exists(tempPath)
2019-06-02 13:01:08,029 [1] INFO  - iTunes folder path is 
2019-06-02 13:01:08,031 [1] INFO  - GetSystemiTunesVersion !Exists fileVer;
2019-06-02 13:01:08,033 [1] INFO  - GetDigitalSignatureDllPath start
2019-06-02 13:01:08,035 [1] INFO  - Get iTunesMobileDevice.dll Error:No access to the given key
2019-06-02 13:01:08,088 [1] INFO  - Listen For Ios Events
2019-06-02 13:01:08,156 [1] INFO  - Device Notification Callback Listen.
2019-06-02 13:01:08,190 [1] INFO  - AMDeviceNotificationSubscribe ret:0
2019-06-02 13:01:08,197 [1] INFO  - Init DearMobClass
2019-06-02 13:01:08,200 [1] INFO  - Add RegisteredFileSystem Set
2019-06-02 13:01:08,201 [1] INFO  - iPhone support enabled
2019-06-02 13:01:08,228 [3] DEBUG - 客户端接入 
2019-06-02 13:01:08,232 [3] DEBUG - RendMessge() ========> start
2019-06-02 13:01:08,246 [3] DEBUG - RendMessge() ========> end
2019-06-02 13:01:08,615 [1] INFO  - Device NotificationCall Type:Connected
2019-06-02 13:01:08,616 [1] INFO  - Connect Type is 1
2019-06-02 13:01:11,073 [1] INFO  - Need Input Passcode.
2019-06-02 13:01:11,075 [1] DEBUG - StackTrace:  at IPhoneConnector.IPhone.WiredConn (Int32 AfcStartService) <0x6e3e088 + 0x005ab> in <filename unknown>:0 
  at IPhoneConnector.IPhone.ConnectToDevice () <0x6e3de98 + 0x000e7> in <filename unknown>:0 
  at IPhoneConnector.IPhone..ctor (IntPtr device, FileSystemAccess access, Boolean supportWifi) <0x6e3dbc8 + 0x0014b> in <filename unknown>:0 ---Message:Exception of type 'IPhoneConnector.Exceptions.IPhoneNeedInputPasscodeException' was thrown.
2019-06-02 13:01:11,075 [1] ERROR - StackTrace:  at IPhoneConnector.IPhone..ctor (IntPtr device, FileSystemAccess access, Boolean supportWifi) <0x6e3dbc8 + 0x001f3> in <filename unknown>:0 
  at IPhoneConnector.IPhoneConnectionListener.DeviceNotificationCallback (IPhoneConnector.AMDeviceNotificationCallbackInfo& callback) <0x6e3d1d0 + 0x0016b> in <filename unknown>:0 ---Message:Exception of type 'IPhoneConnector.Exceptions.IPhoneNeedInputPasscodeException' was thrown.
2019-06-02 13:01:11,081 [1] INFO  - Connect Type is 1
2019-06-02 13:01:12,373 [1] INFO  - Need Input Passcode.
2019-06-02 13:01:12,374 [1] DEBUG - StackTrace:  at IPhoneConnector.IPhone.WiredConn (Int32 AfcStartService) <0x6e3e088 + 0x005ab> in <filename unknown>:0 
  at IPhoneConnector.IPhone.ConnectToDevice () <0x6e3de98 + 0x000e7> in <filename unknown>:0 
  at IPhoneConnector.IPhone..ctor (IntPtr device, FileSystemAccess access, Boolean supportWifi) <0x6e3dbc8 + 0x0014b> in <filename unknown>:0 ---Message:Exception of type 'IPhoneConnector.Exceptions.IPhoneNeedInputPasscodeException' was thrown.
2019-06-02 13:01:12,375 [1] ERROR - StackTrace:  at IPhoneConnector.IPhone..ctor (IntPtr device, FileSystemAccess access, Boolean supportWifi) <0x6e3dbc8 + 0x001f3> in <filename unknown>:0 
  at IPhoneConnector.IPhoneConnectionListener.DeviceNotificationCallback (IPhoneConnector.AMDeviceNotificationCallbackInfo& callback) <0x6e3d1d0 + 0x0016b> in <filename unknown>:0 ---Message:Exception of type 'IPhoneConnector.Exceptions.IPhoneNeedInputPasscodeException' was thrown.
2019-06-02 13:01:13,375 [1] INFO  - Connect Type is 1
2019-06-02 13:01:16,181 [1] INFO  - Device UUID:4520419f64274b2085ce0a877d5c4441bfb5dd56
2019-06-02 13:01:16,182 [1] DEBUG - get property name is BuildVersion
2019-06-02 13:01:16,188 [1] DEBUG - AMSInitialize: 0
2019-06-02 13:01:16,191 [1] DEBUG - StartService (Notifications): 0
2019-06-02 13:01:16,195 [1] DEBUG - Connect result is 1
2019-06-02 13:01:16,195 [1] INFO  - Connect State:True
2019-06-02 13:01:16,196 [1] INFO  - Connect Type is 1
2019-06-02 13:01:16,545 [1] DEBUG - com.apple.afc2 AMDeviceStartService ret: -402653150
2019-06-02 13:01:16,546 [1] INFO  - Open afc service is error.
2019-06-02 13:01:16,548 [1] DEBUG - Connect result is 1
2019-06-02 13:01:16,549 [1] INFO  - Connect State:False
2019-06-02 13:01:16,551 [1] DEBUG - Device connecting.
2019-06-02 13:01:16,551 [1] DEBUG - AFCHandle valid.
2019-06-02 13:01:16,552 [1] DEBUG - AFCHandle valid.
2019-06-02 13:01:16,552 [1] DEBUG - IPhone Property get complete.
2019-06-02 13:01:16,552 [1] DEBUG - _dic.ContainsKey(DeviceClass) True 
2019-06-02 13:01:16,553 [1] DEBUG - Devicename: みかねすすむのiPhone
2019-06-02 13:01:16,554 [1] DEBUG - END SerialNumber
2019-06-02 13:01:16,554 [1] DEBUG - END IsSupportMultiDevice
2019-06-02 13:01:16,554 [1] DEBUG - baseInfo.Serialnumber F4GRCH2NGRY5
2019-06-02 13:01:16,560 [1] DEBUG - OnMonitorConnected :设备介入完成
2019-06-02 13:01:16,563 [1] INFO  - Device NotificationCall Type:4
2019-06-02 13:01:16,563 [Threadpool worker] DEBUG - Create IPod  GetPhone() in structure.
2019-06-02 13:01:16,564 [Threadpool worker] DEBUG - Excute Refresh() in structure start.
2019-06-02 13:01:16,564 [Threadpool worker] DEBUG - Excute Refresh method start in IPod.
2019-06-02 13:01:16,566 [Threadpool worker] DEBUG - Excute QueryDeviceInfo method start in constuct
2019-06-02 13:01:16,694 [Threadpool worker] DEBUG - GetDeviceProperty start in IPhone
2019-06-02 13:01:16,695 [Threadpool worker] DEBUG - get property name is uuid
2019-06-02 13:01:16,697 [Threadpool worker] DEBUG - get property name is FirmwareVersion
2019-06-02 13:01:16,698 [Threadpool worker] DEBUG - get property name is ProductVersion
2019-06-02 13:01:16,699 [Threadpool worker] DEBUG - get property name is SerialNumber
2019-06-02 13:01:16,701 [Threadpool worker] DEBUG - get property name is CalculateDiskUsage
2019-06-02 13:01:16,702 [Threadpool worker] DEBUG - get property name is BatteryIsCharging
2019-06-02 13:01:16,703 [Threadpool worker] DEBUG - get property name is BatteryCurrentCapacity
2019-06-02 13:01:16,705 [Threadpool worker] DEBUG - get property name is TotalDataAvailable
2019-06-02 13:01:16,707 [Threadpool worker] DEBUG - get property name is TotalDataCapacity
2019-06-02 13:01:16,709 [Threadpool worker] DEBUG - get property name is TotalDiskCapacity
2019-06-02 13:01:16,711 [Threadpool worker] DEBUG - get property name is TotalSystemAvailable
2019-06-02 13:01:16,713 [Threadpool worker] DEBUG - get property name is TotalSystemCapacity
2019-06-02 13:01:16,716 [Threadpool worker] DEBUG - get property name is MobileApplicationUsage
2019-06-02 13:01:16,717 [Threadpool worker] DEBUG - get property name is UniqueChipID
2019-06-02 13:01:16,719 [Threadpool worker] DEBUG - get property name is DeviceName
2019-06-02 13:01:16,720 [Threadpool worker] DEBUG - get property name is DeviceColor
2019-06-02 13:01:16,721 [Threadpool worker] DEBUG - get property name is DeviceClass
2019-06-02 13:01:16,725 [Threadpool worker] DEBUG - get property name is PhoneNumber
2019-06-02 13:01:16,727 [Threadpool worker] DEBUG - get property name is ProductType
2019-06-02 13:01:16,728 [Threadpool worker] DEBUG - get property name is ProductVersion
2019-06-02 13:01:16,729 [Threadpool worker] DEBUG - get property name is SerialNumber
2019-06-02 13:01:16,730 [Threadpool worker] DEBUG - get property name is TimeZone
2019-06-02 13:01:16,734 [Threadpool worker] DEBUG - get property name is TimeZoneOffsetFromUTC
2019-06-02 13:01:16,735 [Threadpool worker] DEBUG - get property name is UniqueDeviceID
2019-06-02 13:01:16,736 [Threadpool worker] DEBUG - get property name is SupportsWifiSyncing
2019-06-02 13:01:16,737 [Threadpool worker] DEBUG - get property name is SupportsAirTraffic
2019-06-02 13:01:16,743 [Threadpool worker] DEBUG - IPhoneDeviceInfo run start
2019-06-02 13:01:16,748 [Threadpool worker] INFO  - Device's ProductType: iPhone8,1
2019-06-02 13:01:16,751 [Threadpool worker] DEBUG - Version is 12.3.1
2019-06-02 13:01:16,751 [Threadpool worker] DEBUG - GetDeviceInfoMethod run end
2019-06-02 13:01:16,752 [Threadpool worker] DEBUG - IPhoneDeviceInfo run end
2019-06-02 13:01:16,752 [Threadpool worker] DEBUG - Excute Refresh method end in IPod.
2019-06-02 13:01:16,753 [Threadpool worker] INFO  - ===============================================
2019-06-02 13:01:16,753 [Threadpool worker] INFO  - DeviceName: みかねすすむのiPhone
2019-06-02 13:01:16,755 [Threadpool worker] INFO  - Family: iPhone_6S
2019-06-02 13:01:16,756 [Threadpool worker] INFO  - Serial Number: F4GRCH2NGRY5
2019-06-02 13:01:16,757 [Threadpool worker] INFO  - UUID: 4520419f64274b2085ce0a877d5c4441bfb5dd56
2019-06-02 13:01:16,757 [Threadpool worker] INFO  - Version: 12.3.1
2019-06-02 13:01:16,758 [Threadpool worker] INFO  - WifiConnection: False
2019-06-02 13:01:16,758 [Threadpool worker] INFO  - Jailbreaked: False
2019-06-02 13:01:16,758 [Threadpool worker] INFO  - ===============================================
2019-06-02 13:01:16,759 [Threadpool worker] DEBUG - Excute Refresh() in structure start.
2019-06-02 13:01:16,759 [Threadpool worker] DEBUG - Excute new Session in structure start.
2019-06-02 13:01:16,766 [Threadpool worker] DEBUG - Excutenew Session in structure start.
2019-06-02 13:01:16,766 [Threadpool worker] DEBUG - Create IPod structure is finished.
2019-06-02 13:01:16,768 [Threadpool worker] DEBUG - IPod create success.
2019-06-02 13:01:16,769 [Threadpool worker] DEBUG - OnIpodFinished 设备加载完成： F4GRCH2NGRY5
2019-06-02 13:01:16,770 [Threadpool worker] DEBUG - 开启服务成功
2019-06-02 13:01:16,773 [Threadpool worker] DEBUG - 发送设备： 4520419f64274b2085ce0a877d5c4441bfb5dd56
2019-06-02 13:01:17,600 [Threadpool worker] DEBUG - 客户端接入 
2019-06-02 13:01:17,606 [Threadpool worker] DEBUG - 开启服务成功
2019-06-02 13:01:17,610 [Threadpool worker] DEBUG - 客户端接入 
2019-06-02 13:01:17,993 [Threadpool worker] DEBUG - 开启服务成功
2019-06-02 13:01:18,596 [Threadpool worker] DEBUG - 客户端接入 
2019-06-02 13:01:18,615 [Threadpool worker] INFO  - -----------------Start Copy Photo DataBase-------------------
2019-06-02 13:01:18,782 [Threadpool worker] INFO  - PhotoDataBase Path:/var/folders/mr/6fq5v3wx0bdfvx92pqlzppkw0000gn/T/DearMob_Temp/Sessions/F4GRCH2NGRY5/DataBase/F4GRCH2NGRY5/Photos.sqlite
2019-06-02 13:01:19,157 [1] INFO  - Device NotificationCall Type:4
2019-06-02 13:01:19,330 [Threadpool worker] DEBUG - 开启服务成功
2019-06-02 13:01:19,575 [Threadpool worker] DEBUG - 客户端接入 
2019-06-02 13:01:19,579 [Threadpool worker] INFO  - file not exist/PhotoData/CPLAssets/group412/FF835225-AC8F-428C-8727-519199A72286.PNG
2019-06-02 13:01:19,582 [Threadpool worker] INFO  - file not exist/PhotoData/CPLAssets/group491/DB13FAA8-4108-49B8-9EC8-06F3B210265C.PNG
2019-06-02 13:01:19,584 [Threadpool worker] INFO  - file not exist/PhotoData/CPLAssets/group483/073B64BE-B913-4491-984F-883FAFCACE20.PNG
2019-06-02 13:01:19,725 [1] INFO  - Device NotificationCall Type:4
2019-06-02 13:04:26,968 [1] INFO  - Device NotificationCall Type:Disconnected
2019-06-02 13:04:26,974 [1] INFO  - Close ATH Sync Service.
2019-06-02 13:04:26,974 [1] INFO  - AthService ThreadValue 0
2019-06-02 13:04:26,976 [1] DEBUG - OnMonitorCloseConnected 移除设备: F4GRCH2NGRY5
2019-06-02 13:04:26,977 [Threadpool worker] DEBUG - 读取消息出错Input string was not in a correct format.
2019-06-02 13:04:26,978 [Threadpool worker] DEBUG - 发送错误收到数据为空
2019-06-02 13:04:26,979 [Threadpool worker] DEBUG - 读取消息出错Cannot access a disposed object.
Object name: 'System.Net.Sockets.Socket'.
2019-06-02 13:04:26,979 [Threadpool worker] DEBUG - 发送错误收到数据为空
